<?xml version="1.0" encoding="UTF-8"?>
<!-- Generated by org.testng.reporters.JUnitReportReporter -->
<testsuite hostname="DESKTOP-I5MV7FE" failures="0" tests="4" name="packagee.Midc" time="٣٧.٧٤٣" errors="0" timestamp="٢٠٢٥-٠٨-٢٢T٠٠:٤٢:٤٠ غرينتش+٠٣:٠٠" skipped="0">
  <testcase classname="packagee.Midc" name="SinUp" time="١٢.٥٧٥"/>
  <system-out/>
  <testcase classname="packagee.Midc" name="LoginTest" time="١.٦٢٩"/>
  <system-out/>
  <testcase classname="packagee.Midc" name="RandomItems" time="١٣.٨٧٦"/>
  <system-out/>
  <testcase classname="packagee.Midc" name="randomitemsandoutofstok" time="٩.٦٦٣"/>
  <system-out/>
</testsuite> <!-- packagee.Midc -->
